<?xml version="1.0" encoding="UTF-8"?><testsuite failures="0" name="cucumber.runtime.formatter.JUnitFormatter" skipped="0" tests="1" time="15.960588">
<testcase classname="Launch Google" name="Launch Google in browser" time="15.960588">
<system-out><![CDATA[Given user launches google..................................................passed
Then Enters "Selenium" in search bar........................................passed
Then Clicks enter...........................................................passed
]]></system-out>
</testcase>
</testsuite>
