<?xml version="1.0" encoding="UTF-8"?>
<testng-results skipped="0" failed="0" ignored="0" total="1" passed="1">
  <reporter-output>
  </reporter-output>
  <suite name="Tifacta" duration-ms="55924" started-at="2021-06-20T14:51:10 IST" finished-at="2021-06-20T14:52:06 IST">
    <groups>
      <group name="cucumber">
        <method signature="Runner.feature(cucumber.api.testng.CucumberFeatureWrapper)[pri:0, instance:com.trifacta.runner.Runner@2bea5ab4]" name="feature" class="com.trifacta.runner.Runner"/>
      </group> <!-- cucumber -->
    </groups>
    <test name="Tifacta" duration-ms="55924" started-at="2021-06-20T14:51:10 IST" finished-at="2021-06-20T14:52:06 IST">
      <class name="com.trifacta.runner.Runner">
        <test-method status="PASS" signature="setUp(java.lang.String)[pri:0, instance:com.trifacta.runner.Runner@2bea5ab4]" name="setUp" is-config="true" duration-ms="27201" started-at="2021-06-20T14:51:11 IST" finished-at="2021-06-20T14:51:38 IST">
          <params>
            <param index="0">
              <value>
                <![CDATA[chrome]]>
              </value>
            </param>
          </params>
          <reporter-output>
          </reporter-output>
        </test-method> <!-- setUp -->
        <test-method status="PASS" signature="feature(cucumber.api.testng.CucumberFeatureWrapper)[pri:0, instance:com.trifacta.runner.Runner@2bea5ab4]" name="feature" duration-ms="27468" started-at="2021-06-20T14:51:38 IST" description="Runs Cucumber Feature" data-provider="features" finished-at="2021-06-20T14:52:06 IST">
          <params>
            <param index="0">
              <value>
                <![CDATA[Log into the website, display the product version information, and then logout]]>
              </value>
            </param>
          </params>
          <reporter-output>
          </reporter-output>
        </test-method> <!-- feature -->
        <test-method status="PASS" signature="tearDownClass()[pri:0, instance:com.trifacta.runner.Runner@2bea5ab4]" name="tearDownClass" is-config="true" duration-ms="737" started-at="2021-06-20T14:52:06 IST" finished-at="2021-06-20T14:52:06 IST">
          <reporter-output>
          </reporter-output>
        </test-method> <!-- tearDownClass -->
      </class> <!-- com.trifacta.runner.Runner -->
    </test> <!-- Tifacta -->
  </suite> <!-- Tifacta -->
</testng-results>
